<?xml version="1.0" encoding="UTF-8"?>
<!-- Generated by org.testng.reporters.JUnitReportReporter -->
<testsuite skipped="0" hostname="WINDOWS-NVLQ6MP" name="com.herokuapp.theinternet.loginpagetests.PositiveLoginTests" tests="1" failures="0" timestamp="11 May 2019 13:34:41 GMT" time="16.322" errors="0">
  <testcase name="logInTest" time="16.322" classname="com.herokuapp.theinternet.loginpagetests.PositiveLoginTests"/>
</testsuite> <!-- com.herokuapp.theinternet.loginpagetests.PositiveLoginTests -->
