<?xml version="1.0" encoding="UTF-8"?>
<!-- Generated by org.testng.reporters.JUnitReportReporter -->
<testsuite skipped="0" hostname="WINDOWS-NVLQ6MP" name="com.herokuapp.theinternet.PositiveTests" tests="1" failures="0" timestamp="11 May 2019 10:54:53 GMT" time="10.863" errors="0">
  <testcase name="logInTest" time="10.863" classname="com.herokuapp.theinternet.PositiveTests"/>
</testsuite> <!-- com.herokuapp.theinternet.PositiveTests -->
