<?xml version="1.0" encoding="UTF-8"?>
<!-- Generated by org.testng.reporters.JUnitReportReporter -->
<testsuite skipped="0" hostname="WINDOWS-NVLQ6MP" name="com.herokuapp.theinternet.loginpagetests.NegativeLoginTests" tests="4" failures="0" timestamp="11 May 2019 13:47:00 GMT" time="49.658" errors="0">
  <testcase name="negativeTest" time="12.439" classname="com.herokuapp.theinternet.loginpagetests.NegativeLoginTests"/>
  <testcase name="negativeTest" time="14.087" classname="com.herokuapp.theinternet.loginpagetests.NegativeLoginTests"/>
  <testcase name="negativeTest" time="7.945" classname="com.herokuapp.theinternet.loginpagetests.NegativeLoginTests"/>
  <testcase name="negativeTest" time="15.187" classname="com.herokuapp.theinternet.loginpagetests.NegativeLoginTests"/>
</testsuite> <!-- com.herokuapp.theinternet.loginpagetests.NegativeLoginTests -->
