<?xml version="1.0" encoding="UTF-8"?>
<!-- Generated by org.testng.reporters.JUnitReportReporter -->
<testsuite skipped="0" hostname="WINDOWS-NVLQ6MP" name="com.herokuapp.theinternet.NegativeTests" tests="4" failures="0" timestamp="11 May 2019 10:55:53 GMT" time="48.204" errors="0">
  <testcase name="negativeTest" time="10.881" classname="com.herokuapp.theinternet.NegativeTests"/>
  <testcase name="negativeTest" time="14.859" classname="com.herokuapp.theinternet.NegativeTests"/>
  <testcase name="negativeTest" time="14.506" classname="com.herokuapp.theinternet.NegativeTests"/>
  <testcase name="negativeTest" time="7.958" classname="com.herokuapp.theinternet.NegativeTests"/>
</testsuite> <!-- com.herokuapp.theinternet.NegativeTests -->
