<?xml version="1.0" encoding="UTF-8"?>
<!-- Generated by org.testng.reporters.JUnitReportReporter -->
<testsuite skipped="0" hostname="WINDOWS-NVLQ6MP" name="com.herokuapp.theinternet.loginpagetests.NegativeLoginTests" tests="4" failures="0" timestamp="11 May 2019 12:53:35 GMT" time="46.515" errors="0">
  <testcase name="negativeTest" time="7.396" classname="com.herokuapp.theinternet.loginpagetests.NegativeLoginTests"/>
  <testcase name="negativeTest" time="14.081" classname="com.herokuapp.theinternet.loginpagetests.NegativeLoginTests"/>
  <testcase name="negativeTest" time="10.887" classname="com.herokuapp.theinternet.loginpagetests.NegativeLoginTests"/>
  <testcase name="negativeTest" time="14.151" classname="com.herokuapp.theinternet.loginpagetests.NegativeLoginTests"/>
</testsuite> <!-- com.herokuapp.theinternet.loginpagetests.NegativeLoginTests -->
