<?xml version="1.0" encoding="UTF-8"?>
<!-- Generated by org.testng.reporters.JUnitReportReporter -->
<testsuite skipped="0" hostname="WINDOWS-NVLQ6MP" name="com.herokuapp.theinternet.loginpagetests.PositiveLoginTests" tests="1" failures="0" timestamp="11 May 2019 12:52:33 GMT" time="10.378" errors="0">
  <testcase name="logInTest" time="10.378" classname="com.herokuapp.theinternet.loginpagetests.PositiveLoginTests"/>
</testsuite> <!-- com.herokuapp.theinternet.loginpagetests.PositiveLoginTests -->
