<?xml version="1.0" encoding="UTF-8"?>
<!-- Generated by org.testng.reporters.JUnitReportReporter -->
<testsuite skipped="0" hostname="WINDOWS-NVLQ6MP" name="com.herokuapp.theinternet.loginpagetests.NegativeLoginTests" tests="4" failures="0" timestamp="11 May 2019 14:19:27 GMT" time="92.848" errors="0">
  <testcase name="negativeTest" time="16.809" classname="com.herokuapp.theinternet.loginpagetests.NegativeLoginTests"/>
  <testcase name="negativeTest" time="29.563" classname="com.herokuapp.theinternet.loginpagetests.NegativeLoginTests"/>
  <testcase name="negativeTest" time="29.601" classname="com.herokuapp.theinternet.loginpagetests.NegativeLoginTests"/>
  <testcase name="negativeTest" time="16.875" classname="com.herokuapp.theinternet.loginpagetests.NegativeLoginTests"/>
</testsuite> <!-- com.herokuapp.theinternet.loginpagetests.NegativeLoginTests -->
