<?xml version="1.0" encoding="UTF-8"?>
<!-- Generated by org.testng.reporters.JUnitReportReporter -->
<testsuite skipped="0" hostname="WINDOWS-NVLQ6MP" name="com.herokuapp.theinternet.loginpagetests.NegativeLoginTests" tests="4" failures="0" timestamp="12 May 2019 13:47:07 GMT" time="98.139" errors="0">
  <testcase name="negativeTest" time="30.299" classname="com.herokuapp.theinternet.loginpagetests.NegativeLoginTests"/>
  <testcase name="negativeTest" time="15.933" classname="com.herokuapp.theinternet.loginpagetests.NegativeLoginTests"/>
  <testcase name="negativeTest" time="21.678" classname="com.herokuapp.theinternet.loginpagetests.NegativeLoginTests"/>
  <testcase name="negativeTest" time="30.229" classname="com.herokuapp.theinternet.loginpagetests.NegativeLoginTests"/>
</testsuite> <!-- com.herokuapp.theinternet.loginpagetests.NegativeLoginTests -->
