<?xml version="1.0" encoding="UTF-8"?>
<!-- Generated by org.testng.reporters.JUnitReportReporter -->
<testsuite skipped="0" hostname="WINDOWS-NVLQ6MP" name="com.herokuapp.theinternet.loginpagetests.NegativeLoginTests" tests="4" failures="0" timestamp="11 May 2019 12:34:02 GMT" time="47.723" errors="0">
  <testcase name="negativeTest" time="11.588" classname="com.herokuapp.theinternet.loginpagetests.NegativeLoginTests"/>
  <testcase name="negativeTest" time="14.166" classname="com.herokuapp.theinternet.loginpagetests.NegativeLoginTests"/>
  <testcase name="negativeTest" time="13.984" classname="com.herokuapp.theinternet.loginpagetests.NegativeLoginTests"/>
  <testcase name="negativeTest" time="7.985" classname="com.herokuapp.theinternet.loginpagetests.NegativeLoginTests"/>
</testsuite> <!-- com.herokuapp.theinternet.loginpagetests.NegativeLoginTests -->
